<?xml version="1.0" encoding="UTF-8"?>
<!-- Generated by org.testng.reporters.JUnitReportReporter -->
<testsuite hostname="DESKTOP-1CCS179" failures="0" tests="2" name="demoPackageV1.Example1" time="0.016" errors="0" timestamp="2022-06-03T10:20:01 IST" skipped="0">
  <testcase classname="demoPackageV1.Example1" name="abc" time="0.013"/>
  <system-out/>
  <testcase classname="demoPackageV1.Example1" name="xyz" time="0.003"/>
  <system-out/>
</testsuite> <!-- demoPackageV1.Example1 -->
