<?xml version="1.0" encoding="UTF-8"?>
<!-- Generated by org.testng.reporters.JUnitReportReporter -->
<testsuite hostname="LAPTOP-2QH6SATF" failures="0" tests="2" name="annotations.Example1" time="0.010" errors="0" timestamp="2022-06-06T23:19:34 IST" skipped="0">
  <testcase classname="annotations.Example1" name="abc" time="0.008"/>
  <system-out/>
  <testcase classname="annotations.Example1" name="xyz" time="0.002"/>
  <system-out/>
</testsuite> <!-- annotations.Example1 -->
