<?xml version="1.0" encoding="UTF-8"?>
<!-- Generated by org.testng.reporters.JUnitReportReporter -->
<testsuite hostname="LAPTOP-2QH6SATF" failures="0" tests="1" name="com.qa.testLayer.LoginPageTest" time="4.618" errors="0" timestamp="2022-06-10T11:22:31 IST" skipped="0">
  <testcase classname="com.qa.testLayer.LoginPageTest" name="loginPageSite" time="4.618"/>
  <system-out/>
</testsuite> <!-- com.qa.testLayer.LoginPageTest -->
