<?xml version="1.0" encoding="UTF-8"?>
<!-- Generated by org.testng.reporters.JUnitReportReporter -->
<testsuite hostname="DESKTOP-1CCS179" failures="0" tests="3" name="demoPackageV1.Sample" time="0.021" errors="0" timestamp="2022-06-03T10:20:01 IST" skipped="0">
  <testcase classname="demoPackageV1.Sample" name="test2" time="0.010"/>
  <system-out/>
  <testcase classname="demoPackageV1.Sample" name="test1" time="0.010"/>
  <system-out/>
  <testcase classname="demoPackageV1.Sample" name="test3" time="0.001"/>
  <system-out/>
</testsuite> <!-- demoPackageV1.Sample -->
