<?xml version="1.0" encoding="UTF-8"?>
<!-- Generated by org.testng.reporters.JUnitReportReporter -->
<testsuite hostname="LAPTOP-2QH6SATF" failures="0" tests="1" name="annotations.Example2" time="0.005" errors="0" timestamp="2022-06-06T23:21:32 IST" skipped="0">
  <testcase classname="annotations.Example2" name="f" time="0.005"/>
  <system-out/>
</testsuite> <!-- annotations.Example2 -->
