<?xml version="1.0" encoding="UTF-8"?>
<!-- Generated by org.testng.reporters.JUnitReportReporter -->
<testsuite hostname="LAPTOP-2QH6SATF" failures="0" tests="4" name="com.qa.testLayer.TradingTest" time="56.578" errors="0" timestamp="2022-06-12T11:59:14 IST" skipped="0">
  <testcase classname="com.qa.testLayer.TradingTest" name="SellSharesOfAxis" time="13.130"/>
  <system-out/>
  <testcase classname="com.qa.testLayer.TradingTest" name="SellSharesOfSbi" time="13.629"/>
  <system-out/>
  <testcase classname="com.qa.testLayer.TradingTest" name="buySharesOfAxis" time="12.819"/>
  <system-out/>
  <testcase classname="com.qa.testLayer.TradingTest" name="buySharesOfSBI" time="17.000"/>
  <system-out/>
</testsuite> <!-- com.qa.testLayer.TradingTest -->
