<?xml version="1.0" encoding="UTF-8"?>
<!-- Generated by org.testng.reporters.JUnitReportReporter -->
<testsuite hostname="LAPTOP-2QH6SATF" failures="0" tests="2" name="demoPackageV1.HardAssert" time="0.012" errors="0" timestamp="2022-06-06T23:28:59 IST" skipped="0">
  <testcase classname="demoPackageV1.HardAssert" name="test1" time="0.010"/>
  <system-out/>
  <testcase classname="demoPackageV1.HardAssert" name="test2" time="0.002"/>
  <system-out/>
</testsuite> <!-- demoPackageV1.HardAssert -->
